This is XeTeX, Version 3.14159265-2.6-0.99992 (MiKTeX 2.9) (preloaded format=xelatex 2016.6.27)  27 JUN 2016 15:42
entering extended mode
**./chapter1.tex
(chapter1.tex
LaTeX2e <2016/03/31>
Babel <3.9r> and hyphenation patterns for 75 language(s) loaded.
! Undefined control sequence.
l.1 \chapter
            {相对性原理}
? 
! Emergency stop.
l.1 \chapter
            {相对性原理}
End of file on the terminal!

 
Here is how much of TeX's memory you used:
 5 strings out of 428422
 54 string characters out of 3163314
 53073 words of memory out of 3000000
 3496 multiletter control sequences out of 15000+200000
 3640 words of font info for 14 fonts, out of 3000000 for 9000
 1328 hyphenation exceptions out of 8191
 5i,0n,1p,32b,8s stack positions out of 5000i,500n,10000p,200000b,50000s
No pages of output.
